0 info it worked if it ends with ok
1 verbose cli [ '/usr/local/Cellar/node/0.8.19/bin/node',
1 verbose cli   '/usr/local/bin/npm',
1 verbose cli   'start' ]
2 info using npm@1.2.10
3 info using node@v0.8.19
4 verbose read json /Users/tomburton/Projects/mobile-to-desktop/package.json
5 verbose run-script [ 'prestart', 'start', 'poststart' ]
6 info prestart mobileToDesktop@0.0.1
7 info start mobileToDesktop@0.0.1
8 verbose unsafe-perm in lifecycle true
9 silly exec sh "-c" "node server.js"
10 silly sh,-c,node server.js,/Users/tomburton/Projects/mobile-to-desktop spawning
11 info mobileToDesktop@0.0.1 Failed to exec start script
12 error mobileToDesktop@0.0.1 start: `node server.js`
12 error `sh "-c" "node server.js"` failed with 1
13 error Failed at the mobileToDesktop@0.0.1 start script.
13 error This is most likely a problem with the mobileToDesktop package,
13 error not with npm itself.
13 error Tell the author that this fails on your system:
13 error     node server.js
13 error You can get their info via:
13 error     npm owner ls mobileToDesktop
13 error There is likely additional logging output above.
14 error System Darwin 12.3.0
15 error command "/usr/local/Cellar/node/0.8.19/bin/node" "/usr/local/bin/npm" "start"
16 error cwd /Users/tomburton/Projects/mobile-to-desktop
17 error node -v v0.8.19
18 error npm -v 1.2.10
19 error code ELIFECYCLE
20 verbose exit [ 1, true ]
